<?xml version="1.0" encoding="UTF-8"?>
<testsuite name="by.ibrel.consistent_hash.ConsistentHashRouterTest" tests="1" skipped="0" failures="0" errors="0" timestamp="2024-07-25T10:21:00" hostname="MAC-L5C745G6YP" time="0.047">
  <properties/>
  <testcase name="distributionNodeGet__given_should$consistent_hash_test()" classname="by.ibrel.consistent_hash.ConsistentHashRouterTest" time="0.047"/>
  <system-out><![CDATA[replicas:0
replicas:0
replicas:0
replicas:0
Node 1:1:1 id:time: 1721902906109 | nodeId: 95 | sequence: 0
Node 1:1:3 id:time: 1721902906109 | nodeId: 97 | sequence: 0
Node 1:1:0 id:time: 1721902906109 | nodeId: 94 | sequence: 0
Node 1:1:0 id:time: 1721902906109 | nodeId: 94 | sequence: 1
Node 1:1:3 id:time: 1721902906109 | nodeId: 97 | sequence: 1
Node 1:1:3 id:time: 1721902906109 | nodeId: 97 | sequence: 2
Node 1:1:2 id:time: 1721902906085 | nodeId: 96 | sequence: 0
Node 1:1:3 id:time: 1721902906085 | nodeId: 97 | sequence: 0
Node 1:1:3 id:time: 1721902906085 | nodeId: 97 | sequence: 1
Node 1:1:3 id:time: 1721902906085 | nodeId: 97 | sequence: 2
Node 1:1:3 id:time: 1721902906085 | nodeId: 97 | sequence: 3
Node 1:1:3 id:time: 1721902906085 | nodeId: 97 | sequence: 4
Node 1:1:3 id:time: 1721902906085 | nodeId: 97 | sequence: 5
Node 1:1:0 id:time: 1721902906085 | nodeId: 94 | sequence: 0
Node 1:1:3 id:time: 1721902906085 | nodeId: 97 | sequence: 6
Node 1:1:3 id:time: 1721902906085 | nodeId: 97 | sequence: 7
Node 1:1:3 id:time: 1721902906085 | nodeId: 97 | sequence: 8
Node 1:1:1 id:time: 1721902906085 | nodeId: 95 | sequence: 0
Node 1:1:3 id:time: 1721902906085 | nodeId: 97 | sequence: 9
Node 1:1:3 id:time: 1721902906085 | nodeId: 97 | sequence: 10
Node 1:1:0 id:time: 1721902906085 | nodeId: 94 | sequence: 0
Node 1:1:0 id:time: 1721902906085 | nodeId: 94 | sequence: 1
Node 1:1:3 id:time: 1721902906085 | nodeId: 97 | sequence: 0
Node 1:1:3 id:time: 1721902906085 | nodeId: 97 | sequence: 1
Node 1:1:1 id:time: 1721902906085 | nodeId: 95 | sequence: 0
Node 1:1:0 id:time: 1721902906085 | nodeId: 94 | sequence: 2
Node 1:1:3 id:time: 1721902906085 | nodeId: 97 | sequence: 2
Node 1:1:0 id:time: 1721902906085 | nodeId: 94 | sequence: 3
Node 1:1:3 id:time: 1721902906085 | nodeId: 97 | sequence: 3
Node 1:1:0 id:time: 1721902906085 | nodeId: 94 | sequence: 4
Node 1:1:3 id:time: 1721902906085 | nodeId: 97 | sequence: 4
Node 1:1:3 id:time: 1721902906085 | nodeId: 97 | sequence: 5
Node 1:1:3 id:time: 1721902906085 | nodeId: 97 | sequence: 6
Node 1:1:3 id:time: 1721902906085 | nodeId: 97 | sequence: 7
Node 1:1:3 id:time: 1721902906085 | nodeId: 97 | sequence: 8
Node 1:1:1 id:time: 1721902906085 | nodeId: 95 | sequence: 1
Node 1:1:0 id:time: 1721902906085 | nodeId: 94 | sequence: 0
Node 1:1:3 id:time: 1721902906085 | nodeId: 97 | sequence: 0
Node 1:1:3 id:time: 1721902906085 | nodeId: 97 | sequence: 1
Node 1:1:3 id:time: 1721902906085 | nodeId: 97 | sequence: 2
Node 1:1:3 id:time: 1721902906085 | nodeId: 97 | sequence: 3
Node 1:1:3 id:time: 1721902906085 | nodeId: 97 | sequence: 4
Node 1:1:3 id:time: 1721902906085 | nodeId: 97 | sequence: 5
Node 1:1:3 id:time: 1721902906085 | nodeId: 97 | sequence: 6
Node 1:1:3 id:time: 1721902906085 | nodeId: 97 | sequence: 7
Node 1:1:3 id:time: 1721902906085 | nodeId: 97 | sequence: 8
Node 1:1:3 id:time: 1721902906085 | nodeId: 97 | sequence: 9
Node 1:1:0 id:time: 1721902906085 | nodeId: 94 | sequence: 1
Node 1:1:3 id:time: 1721902906085 | nodeId: 97 | sequence: 10
Node 1:1:3 id:time: 1721902906085 | nodeId: 97 | sequence: 11
Node 1:1:3 id:time: 1721902906085 | nodeId: 97 | sequence: 0
Node 1:1:2 id:time: 1721902906085 | nodeId: 96 | sequence: 0
Node 1:1:3 id:time: 1721902906085 | nodeId: 97 | sequence: 1
Node 1:1:3 id:time: 1721902906085 | nodeId: 97 | sequence: 2
Node 1:1:0 id:time: 1721902906085 | nodeId: 94 | sequence: 0
Node 1:1:3 id:time: 1721902906085 | nodeId: 97 | sequence: 3
Node 1:1:2 id:time: 1721902906085 | nodeId: 96 | sequence: 1
Node 1:1:3 id:time: 1721902906085 | nodeId: 97 | sequence: 4
Node 1:1:3 id:time: 1721902906085 | nodeId: 97 | sequence: 5
Node 1:1:3 id:time: 1721902906085 | nodeId: 97 | sequence: 6
Node 1:1:0 id:time: 1721902906085 | nodeId: 94 | sequence: 1
Node 1:1:0 id:time: 1721902906085 | nodeId: 94 | sequence: 2
Node 1:1:3 id:time: 1721902906085 | nodeId: 97 | sequence: 7
Node 1:1:3 id:time: 1721902906085 | nodeId: 97 | sequence: 8
Node 1:1:3 id:time: 1721902906085 | nodeId: 97 | sequence: 9
Node 1:1:3 id:time: 1721902906085 | nodeId: 97 | sequence: 10
Node 1:1:0 id:time: 1721902906085 | nodeId: 94 | sequence: 3
Node 1:1:3 id:time: 1721902906085 | nodeId: 97 | sequence: 11
Node 1:1:3 id:time: 1721902906085 | nodeId: 97 | sequence: 12
Node 1:1:3 id:time: 1721902906085 | nodeId: 97 | sequence: 0
Node 1:1:3 id:time: 1721902906085 | nodeId: 97 | sequence: 1
Node 1:1:3 id:time: 1721902906085 | nodeId: 97 | sequence: 2
Node 1:1:3 id:time: 1721902906085 | nodeId: 97 | sequence: 3
Node 1:1:3 id:time: 1721902906085 | nodeId: 97 | sequence: 4
Node 1:1:3 id:time: 1721902906085 | nodeId: 97 | sequence: 5
Node 1:1:3 id:time: 1721902906085 | nodeId: 97 | sequence: 6
Node 1:1:3 id:time: 1721902906085 | nodeId: 97 | sequence: 7
Node 1:1:3 id:time: 1721902906085 | nodeId: 97 | sequence: 8
Node 1:1:3 id:time: 1721902906085 | nodeId: 97 | sequence: 9
Node 1:1:3 id:time: 1721902906085 | nodeId: 97 | sequence: 10
Node 1:1:3 id:time: 1721902906085 | nodeId: 97 | sequence: 11
Node 1:1:3 id:time: 1721902906085 | nodeId: 97 | sequence: 12
Node 1:1:3 id:time: 1721902906085 | nodeId: 97 | sequence: 13
Node 1:1:3 id:time: 1721902906085 | nodeId: 97 | sequence: 14
Node 1:1:0 id:time: 1721902906085 | nodeId: 94 | sequence: 0
Node 1:1:3 id:time: 1721902906085 | nodeId: 97 | sequence: 15
Node 1:1:3 id:time: 1721902906085 | nodeId: 97 | sequence: 16
Node 1:1:0 id:time: 1721902906085 | nodeId: 94 | sequence: 1
Node 1:1:3 id:time: 1721902906085 | nodeId: 97 | sequence: 17
Node 1:1:3 id:time: 1721902906085 | nodeId: 97 | sequence: 18
Node 1:1:0 id:time: 1721902906085 | nodeId: 94 | sequence: 0
Node 1:1:3 id:time: 1721902906085 | nodeId: 97 | sequence: 0
Node 1:1:0 id:time: 1721902906085 | nodeId: 94 | sequence: 1
Node 1:1:3 id:time: 1721902906085 | nodeId: 97 | sequence: 1
Node 1:1:3 id:time: 1721902906085 | nodeId: 97 | sequence: 2
Node 1:1:0 id:time: 1721902906085 | nodeId: 94 | sequence: 2
Node 1:1:3 id:time: 1721902906085 | nodeId: 97 | sequence: 3
Node 1:1:0 id:time: 1721902906085 | nodeId: 94 | sequence: 3
Node 1:1:0 id:time: 1721902906085 | nodeId: 94 | sequence: 4
Node 1:1:3 id:time: 1721902906085 | nodeId: 97 | sequence: 4
{1:1:0=21, 1:1:1=4, 1:1:2=3, 1:1:3=72}
Node 1:1:3 id:time: 1721902906085 | nodeId: 97 | sequence: 5
Node 1:1:3 id:time: 1721902906085 | nodeId: 97 | sequence: 6
Node 1:1:0 id:time: 1721902906085 | nodeId: 94 | sequence: 5
Node 1:1:0 id:time: 1721902906085 | nodeId: 94 | sequence: 6
Node 1:1:3 id:time: 1721902906085 | nodeId: 97 | sequence: 7
Node 1:1:3 id:time: 1721902906085 | nodeId: 97 | sequence: 8
Node 1:1:2 id:time: 1721902906085 | nodeId: 96 | sequence: 0
Node 1:1:3 id:time: 1721902906085 | nodeId: 97 | sequence: 0
Node 1:1:3 id:time: 1721902906085 | nodeId: 97 | sequence: 1
Node 1:1:3 id:time: 1721902906085 | nodeId: 97 | sequence: 2
Node 1:1:3 id:time: 1721902906085 | nodeId: 97 | sequence: 3
Node 1:1:3 id:time: 1721902906085 | nodeId: 97 | sequence: 4
Node 1:1:3 id:time: 1721902906085 | nodeId: 97 | sequence: 5
Node 1:1:0 id:time: 1721902906085 | nodeId: 94 | sequence: 0
Node 1:1:3 id:time: 1721902906085 | nodeId: 97 | sequence: 6
Node 1:1:3 id:time: 1721902906085 | nodeId: 97 | sequence: 7
Node 1:1:3 id:time: 1721902906085 | nodeId: 97 | sequence: 8
Node 1:1:3 id:time: 1721902906085 | nodeId: 97 | sequence: 9
Node 1:1:3 id:time: 1721902906085 | nodeId: 97 | sequence: 10
Node 1:1:3 id:time: 1721902906085 | nodeId: 97 | sequence: 11
Node 1:1:0 id:time: 1721902906085 | nodeId: 94 | sequence: 1
Node 1:1:0 id:time: 1721902906085 | nodeId: 94 | sequence: 2
Node 1:1:3 id:time: 1721902906085 | nodeId: 97 | sequence: 12
Node 1:1:3 id:time: 1721902906085 | nodeId: 97 | sequence: 13
Node 1:1:3 id:time: 1721902906085 | nodeId: 97 | sequence: 14
Node 1:1:0 id:time: 1721902906085 | nodeId: 94 | sequence: 3
Node 1:1:3 id:time: 1721902906085 | nodeId: 97 | sequence: 15
Node 1:1:0 id:time: 1721902906085 | nodeId: 94 | sequence: 4
Node 1:1:3 id:time: 1721902906085 | nodeId: 97 | sequence: 16
Node 1:1:0 id:time: 1721902906085 | nodeId: 94 | sequence: 0
Node 1:1:3 id:time: 1721902906085 | nodeId: 97 | sequence: 0
Node 1:1:3 id:time: 1721902906085 | nodeId: 97 | sequence: 1
Node 1:1:3 id:time: 1721902906085 | nodeId: 97 | sequence: 2
Node 1:1:3 id:time: 1721902906085 | nodeId: 97 | sequence: 3
Node 1:1:3 id:time: 1721902906085 | nodeId: 97 | sequence: 4
Node 1:1:3 id:time: 1721902906085 | nodeId: 97 | sequence: 5
Node 1:1:0 id:time: 1721902906085 | nodeId: 94 | sequence: 1
Node 1:1:3 id:time: 1721902906085 | nodeId: 97 | sequence: 6
Node 1:1:3 id:time: 1721902906085 | nodeId: 97 | sequence: 7
Node 1:1:3 id:time: 1721902906085 | nodeId: 97 | sequence: 8
Node 1:1:3 id:time: 1721902906085 | nodeId: 97 | sequence: 9
Node 1:1:3 id:time: 1721902906085 | nodeId: 97 | sequence: 10
Node 1:1:3 id:time: 1721902906085 | nodeId: 97 | sequence: 11
Node 1:1:3 id:time: 1721902906085 | nodeId: 97 | sequence: 12
Node 1:1:3 id:time: 1721902906085 | nodeId: 97 | sequence: 13
Node 1:1:3 id:time: 1721902906085 | nodeId: 97 | sequence: 14
Node 1:1:3 id:time: 1721902906085 | nodeId: 97 | sequence: 15
Node 1:1:0 id:time: 1721902906085 | nodeId: 94 | sequence: 2
Node 1:1:3 id:time: 1721902906085 | nodeId: 97 | sequence: 16
Node 1:1:3 id:time: 1721902906085 | nodeId: 97 | sequence: 17
Node 1:1:3 id:time: 1721902906085 | nodeId: 97 | sequence: 18
Node 1:1:2 id:time: 1721902906093 | nodeId: 96 | sequence: 0
Node 1:1:3 id:time: 1721902906093 | nodeId: 97 | sequence: 0
Node 1:1:3 id:time: 1721902906093 | nodeId: 97 | sequence: 1
Node 1:1:0 id:time: 1721902906093 | nodeId: 94 | sequence: 0
Node 1:1:3 id:time: 1721902906093 | nodeId: 97 | sequence: 2
Node 1:1:2 id:time: 1721902906093 | nodeId: 96 | sequence: 1
Node 1:1:3 id:time: 1721902906093 | nodeId: 97 | sequence: 3
Node 1:1:3 id:time: 1721902906093 | nodeId: 97 | sequence: 4
Node 1:1:3 id:time: 1721902906093 | nodeId: 97 | sequence: 5
Node 1:1:0 id:time: 1721902906093 | nodeId: 94 | sequence: 1
Node 1:1:0 id:time: 1721902906093 | nodeId: 94 | sequence: 2
Node 1:1:3 id:time: 1721902906093 | nodeId: 97 | sequence: 6
Node 1:1:3 id:time: 1721902906093 | nodeId: 97 | sequence: 7
Node 1:1:3 id:time: 1721902906093 | nodeId: 97 | sequence: 8
Node 1:1:3 id:time: 1721902906093 | nodeId: 97 | sequence: 9
Node 1:1:0 id:time: 1721902906093 | nodeId: 94 | sequence: 3
Node 1:1:3 id:time: 1721902906093 | nodeId: 97 | sequence: 10
Node 1:1:3 id:time: 1721902906093 | nodeId: 97 | sequence: 11
Node 1:1:3 id:time: 1721902906093 | nodeId: 97 | sequence: 12
Node 1:1:3 id:time: 1721902906093 | nodeId: 97 | sequence: 13
Node 1:1:3 id:time: 1721902906093 | nodeId: 97 | sequence: 14
Node 1:1:3 id:time: 1721902906093 | nodeId: 97 | sequence: 15
Node 1:1:3 id:time: 1721902906093 | nodeId: 97 | sequence: 0
Node 1:1:3 id:time: 1721902906093 | nodeId: 97 | sequence: 1
Node 1:1:3 id:time: 1721902906093 | nodeId: 97 | sequence: 2
Node 1:1:3 id:time: 1721902906093 | nodeId: 97 | sequence: 3
Node 1:1:3 id:time: 1721902906093 | nodeId: 97 | sequence: 4
Node 1:1:3 id:time: 1721902906093 | nodeId: 97 | sequence: 5
Node 1:1:3 id:time: 1721902906093 | nodeId: 97 | sequence: 6
Node 1:1:3 id:time: 1721902906093 | nodeId: 97 | sequence: 7
Node 1:1:3 id:time: 1721902906093 | nodeId: 97 | sequence: 8
Node 1:1:3 id:time: 1721902906093 | nodeId: 97 | sequence: 9
Node 1:1:3 id:time: 1721902906093 | nodeId: 97 | sequence: 10
Node 1:1:0 id:time: 1721902906093 | nodeId: 94 | sequence: 0
Node 1:1:3 id:time: 1721902906093 | nodeId: 97 | sequence: 11
Node 1:1:3 id:time: 1721902906093 | nodeId: 97 | sequence: 12
Node 1:1:0 id:time: 1721902906093 | nodeId: 94 | sequence: 1
Node 1:1:3 id:time: 1721902906093 | nodeId: 97 | sequence: 13
Node 1:1:3 id:time: 1721902906093 | nodeId: 97 | sequence: 14
Node 1:1:0 id:time: 1721902906093 | nodeId: 94 | sequence: 2
Node 1:1:3 id:time: 1721902906093 | nodeId: 97 | sequence: 15
Node 1:1:0 id:time: 1721902906093 | nodeId: 94 | sequence: 3
Node 1:1:3 id:time: 1721902906093 | nodeId: 97 | sequence: 16
Node 1:1:3 id:time: 1721902906093 | nodeId: 97 | sequence: 0
Node 1:1:0 id:time: 1721902906093 | nodeId: 94 | sequence: 0
Node 1:1:3 id:time: 1721902906093 | nodeId: 97 | sequence: 1
Node 1:1:0 id:time: 1721902906093 | nodeId: 94 | sequence: 1
Node 1:1:0 id:time: 1721902906093 | nodeId: 94 | sequence: 2
Node 1:1:3 id:time: 1721902906093 | nodeId: 97 | sequence: 2
{1:1:0=21, 1:1:2=3, 1:1:3=76}
replicas:0
Node 1:1:10 id:time: 1721904283897 | nodeId: 945 | sequence: 0
Node 1:1:3 id:time: 1721902906093 | nodeId: 97 | sequence: 3
Node 1:1:0 id:time: 1721902906093 | nodeId: 94 | sequence: 3
Node 1:1:0 id:time: 1721902906093 | nodeId: 94 | sequence: 4
Node 1:1:3 id:time: 1721902906093 | nodeId: 97 | sequence: 4
Node 1:1:3 id:time: 1721902906093 | nodeId: 97 | sequence: 5
Node 1:1:2 id:time: 1721902906093 | nodeId: 96 | sequence: 0
Node 1:1:3 id:time: 1721902906093 | nodeId: 97 | sequence: 6
Node 1:1:3 id:time: 1721902906093 | nodeId: 97 | sequence: 7
Node 1:1:3 id:time: 1721902906093 | nodeId: 97 | sequence: 8
Node 1:1:3 id:time: 1721902906093 | nodeId: 97 | sequence: 9
Node 1:1:3 id:time: 1721902906093 | nodeId: 97 | sequence: 10
Node 1:1:3 id:time: 1721902906093 | nodeId: 97 | sequence: 11
Node 1:1:0 id:time: 1721902906093 | nodeId: 94 | sequence: 5
Node 1:1:3 id:time: 1721902906093 | nodeId: 97 | sequence: 12
Node 1:1:3 id:time: 1721902906093 | nodeId: 97 | sequence: 13
Node 1:1:3 id:time: 1721902906093 | nodeId: 97 | sequence: 14
Node 1:1:10 id:time: 1721904283897 | nodeId: 945 | sequence: 0
Node 1:1:3 id:time: 1721902906093 | nodeId: 97 | sequence: 0
Node 1:1:3 id:time: 1721902906093 | nodeId: 97 | sequence: 1
Node 1:1:0 id:time: 1721902906093 | nodeId: 94 | sequence: 0
Node 1:1:0 id:time: 1721902906093 | nodeId: 94 | sequence: 1
Node 1:1:3 id:time: 1721902906093 | nodeId: 97 | sequence: 2
Node 1:1:3 id:time: 1721902906093 | nodeId: 97 | sequence: 3
Node 1:1:10 id:time: 1721904283897 | nodeId: 945 | sequence: 1
Node 1:1:0 id:time: 1721902906093 | nodeId: 94 | sequence: 2
Node 1:1:3 id:time: 1721902906093 | nodeId: 97 | sequence: 4
Node 1:1:0 id:time: 1721902906093 | nodeId: 94 | sequence: 3
Node 1:1:3 id:time: 1721902906093 | nodeId: 97 | sequence: 5
Node 1:1:0 id:time: 1721902906093 | nodeId: 94 | sequence: 4
Node 1:1:3 id:time: 1721902906093 | nodeId: 97 | sequence: 6
Node 1:1:10 id:time: 1721904283897 | nodeId: 945 | sequence: 2
Node 1:1:3 id:time: 1721902906093 | nodeId: 97 | sequence: 7
Node 1:1:3 id:time: 1721902906093 | nodeId: 97 | sequence: 8
Node 1:1:3 id:time: 1721902906093 | nodeId: 97 | sequence: 9
Node 1:1:10 id:time: 1721904283897 | nodeId: 945 | sequence: 3
Node 1:1:0 id:time: 1721902906093 | nodeId: 94 | sequence: 5
Node 1:1:10 id:time: 1721904283897 | nodeId: 945 | sequence: 4
Node 1:1:3 id:time: 1721902906093 | nodeId: 97 | sequence: 10
Node 1:1:3 id:time: 1721902906093 | nodeId: 97 | sequence: 11
Node 1:1:10 id:time: 1721904283897 | nodeId: 945 | sequence: 5
Node 1:1:10 id:time: 1721904283897 | nodeId: 945 | sequence: 6
Node 1:1:3 id:time: 1721902906093 | nodeId: 97 | sequence: 0
Node 1:1:3 id:time: 1721902906093 | nodeId: 97 | sequence: 1
Node 1:1:3 id:time: 1721902906093 | nodeId: 97 | sequence: 2
Node 1:1:3 id:time: 1721902906093 | nodeId: 97 | sequence: 3
Node 1:1:3 id:time: 1721902906093 | nodeId: 97 | sequence: 4
Node 1:1:0 id:time: 1721902906093 | nodeId: 94 | sequence: 0
Node 1:1:3 id:time: 1721902906093 | nodeId: 97 | sequence: 5
Node 1:1:3 id:time: 1721902906093 | nodeId: 97 | sequence: 6
Node 1:1:3 id:time: 1721902906093 | nodeId: 97 | sequence: 7
Node 1:1:2 id:time: 1721902906093 | nodeId: 96 | sequence: 0
Node 1:1:3 id:time: 1721902906093 | nodeId: 97 | sequence: 8
Node 1:1:3 id:time: 1721902906093 | nodeId: 97 | sequence: 9
Node 1:1:0 id:time: 1721902906093 | nodeId: 94 | sequence: 1
Node 1:1:3 id:time: 1721902906093 | nodeId: 97 | sequence: 10
Node 1:1:2 id:time: 1721902906093 | nodeId: 96 | sequence: 1
Node 1:1:10 id:time: 1721904283901 | nodeId: 945 | sequence: 0
Node 1:1:3 id:time: 1721902906093 | nodeId: 97 | sequence: 11
Node 1:1:3 id:time: 1721902906093 | nodeId: 97 | sequence: 12
Node 1:1:0 id:time: 1721902906093 | nodeId: 94 | sequence: 2
Node 1:1:0 id:time: 1721902906093 | nodeId: 94 | sequence: 3
Node 1:1:3 id:time: 1721902906093 | nodeId: 97 | sequence: 13
Node 1:1:3 id:time: 1721902906093 | nodeId: 97 | sequence: 14
Node 1:1:10 id:time: 1721904283901 | nodeId: 945 | sequence: 1
Node 1:1:3 id:time: 1721902906093 | nodeId: 97 | sequence: 15
Node 1:1:0 id:time: 1721902906093 | nodeId: 94 | sequence: 4
Node 1:1:10 id:time: 1721904283901 | nodeId: 945 | sequence: 2
Node 1:1:3 id:time: 1721902906093 | nodeId: 97 | sequence: 0
Node 1:1:3 id:time: 1721902906093 | nodeId: 97 | sequence: 1
Node 1:1:3 id:time: 1721902906093 | nodeId: 97 | sequence: 2
Node 1:1:3 id:time: 1721902906093 | nodeId: 97 | sequence: 3
Node 1:1:3 id:time: 1721902906093 | nodeId: 97 | sequence: 4
Node 1:1:10 id:time: 1721904283901 | nodeId: 945 | sequence: 0
Node 1:1:3 id:time: 1721902906093 | nodeId: 97 | sequence: 5
Node 1:1:3 id:time: 1721902906093 | nodeId: 97 | sequence: 6
Node 1:1:3 id:time: 1721902906093 | nodeId: 97 | sequence: 7
Node 1:1:3 id:time: 1721902906093 | nodeId: 97 | sequence: 8
Node 1:1:3 id:time: 1721902906093 | nodeId: 97 | sequence: 9
Node 1:1:3 id:time: 1721902906093 | nodeId: 97 | sequence: 10
Node 1:1:3 id:time: 1721902906093 | nodeId: 97 | sequence: 11
Node 1:1:3 id:time: 1721902906093 | nodeId: 97 | sequence: 12
Node 1:1:3 id:time: 1721902906093 | nodeId: 97 | sequence: 13
Node 1:1:3 id:time: 1721902906093 | nodeId: 97 | sequence: 14
Node 1:1:0 id:time: 1721902906093 | nodeId: 94 | sequence: 0
Node 1:1:3 id:time: 1721902906093 | nodeId: 97 | sequence: 15
Node 1:1:3 id:time: 1721902906093 | nodeId: 97 | sequence: 16
Node 1:1:0 id:time: 1721902906093 | nodeId: 94 | sequence: 1
Node 1:1:3 id:time: 1721902906093 | nodeId: 97 | sequence: 17
Node 1:1:3 id:time: 1721902906093 | nodeId: 97 | sequence: 18
Node 1:1:0 id:time: 1721902906093 | nodeId: 94 | sequence: 2
Node 1:1:3 id:time: 1721902906093 | nodeId: 97 | sequence: 19
Node 1:1:0 id:time: 1721902906093 | nodeId: 94 | sequence: 3
Node 1:1:3 id:time: 1721902906093 | nodeId: 97 | sequence: 20
Node 1:1:10 id:time: 1721904283901 | nodeId: 945 | sequence: 1
Node 1:1:0 id:time: 1721902906093 | nodeId: 94 | sequence: 4
Node 1:1:3 id:time: 1721902906093 | nodeId: 97 | sequence: 21
Node 1:1:0 id:time: 1721902906093 | nodeId: 94 | sequence: 5
Node 1:1:0 id:time: 1721902906093 | nodeId: 94 | sequence: 6
Node 1:1:3 id:time: 1721902906093 | nodeId: 97 | sequence: 0
{1:1:0=21, 1:1:10=13, 1:1:2=3, 1:1:3=63}
]]></system-out>
  <system-err><![CDATA[]]></system-err>
</testsuite>
